============================= test session starts ==============================
platform darwin -- Python 3.11.13, pytest-8.4.0, pluggy-1.6.0
rootdir: /Users/isaiah/Documents/Scope 3 Tool
configfile: pytest.ini
plugins: asyncio-0.23.8, anyio-4.9.0, cov-4.1.0
asyncio: mode=Mode.STRICT
collected 25 items / 2 skipped

xpath31/tests/test_crypto_validation.py ...                              [ 12%]
xpath31/tests/test_data_integrity.py ....                                [ 28%]
xpath31/tests/test_external_mocks.py ...                                 [ 40%]
xpath31/tests/test_load_realistic.py s..s                                [ 56%]
xpath31/tests/test_message_imprint.py ...                                [ 68%]
xpath31/tests/test_simple.py ..                                          [ 76%]
xpath31/tests/test_unit_conversion_assistance.py .F.                     [ 88%]
xpath31/tests/test_verify_setup.py ...                                   [100%]

=================================== FAILURES ===================================
________ TestUnitConversionAssistance.test_decimal_conversion_precision ________
xpath31/tests/test_unit_conversion_assistance.py:34: in test_decimal_conversion_precision
    assert str(tonnes_value) == '500'
E   AssertionError: assert '500.000' == '500'
E     
E     - 500
E     + 500.000
=========================== short test summary info ============================
SKIPPED [1] xpath31/tests/test_final_integration.py:2: Skipping due to complex dependencies
SKIPPED [1] xpath31/tests/test_tsl_validation.py:2: Skipping due to complex dependencies
SKIPPED [1] xpath31/tests/test_load_realistic.py:8: Load tests require special setup
SKIPPED [1] xpath31/tests/test_load_realistic.py:38: Requires API server
FAILED xpath31/tests/test_unit_conversion_assistance.py::TestUnitConversionAssistance::test_decimal_conversion_precision
=================== 1 failed, 22 passed, 4 skipped in 0.08s ====================
